<?xml version="1.0" encoding="UTF-8"?>
<testng-results skipped="0" failed="0" total="1" passed="1">
  <reporter-output>
  </reporter-output>
  <suite name="Default suite" duration-ms="1392" started-at="2022-04-13T17:49:14Z" finished-at="2022-04-13T17:49:16Z">
    <groups>
    </groups>
    <test name="Default test" duration-ms="1392" started-at="2022-04-13T17:49:14Z" finished-at="2022-04-13T17:49:16Z">
      <class name="ReadExcelData.ReadData">
        <test-method status="PASS" signature="testdata()[pri:0, instance:ReadExcelData.ReadData@3d8c7aca]" name="testdata" duration-ms="1346" started-at="2022-04-13T23:19:14Z" finished-at="2022-04-13T23:19:16Z">
          <reporter-output>
          </reporter-output>
        </test-method> <!-- testdata -->
      </class> <!-- ReadExcelData.ReadData -->
    </test> <!-- Default test -->
  </suite> <!-- Default suite -->
</testng-results>
